CRITICAL - 2020-11-25 21:26:07 --> Undefined variable: categorias
#0 C:\xampp\htdocs\projetoacc\app\Views\comprovantes\index.php(13): CodeIgniter\Debug\Exceptions->errorHandler(8, 'Undefined varia...', 'C:\\xampp\\htdocs...', 13, Array)
#1 C:\xampp\htdocs\projetoacc\system\View\View.php(246): include('C:\\xampp\\htdocs...')
#2 C:\xampp\htdocs\projetoacc\system\Common.php(1119): CodeIgniter\View\View->render('comprovantes/in...', Array, true)
#3 C:\xampp\htdocs\projetoacc\app\Controllers\Comprovantes.php(8): view('comprovantes/in...')
#4 C:\xampp\htdocs\projetoacc\system\CodeIgniter.php(918): App\Controllers\Comprovantes->index()
#5 C:\xampp\htdocs\projetoacc\system\CodeIgniter.php(404): CodeIgniter\CodeIgniter->runController(Object(App\Controllers\Comprovantes))
#6 C:\xampp\htdocs\projetoacc\system\CodeIgniter.php(312): CodeIgniter\CodeIgniter->handleRequest(NULL, Object(Config\Cache), false)
#7 C:\xampp\htdocs\projetoacc\public\index.php(45): CodeIgniter\CodeIgniter->run()
#8 C:\xampp\htdocs\projetoacc\system\Commands\Server\rewrite.php(34): require_once('C:\\xampp\\htdocs...')
#9 {main}
CRITICAL - 2020-11-25 21:26:07 --> Uncaught ErrorException: Undefined variable: viewFile in C:\xampp\htdocs\projetoacc\system\Debug\Exceptions.php:308
Stack trace:
#0 C:\xampp\htdocs\projetoacc\system\Debug\Exceptions.php(308): CodeIgniter\Debug\Exceptions->errorHandler(8, 'Undefined varia...', 'C:\\xampp\\htdocs...', 308, Array)
#1 C:\xampp\htdocs\projetoacc\system\Debug\Exceptions.php(308): include()
#2 C:\xampp\htdocs\projetoacc\system\Debug\Exceptions.php(174): CodeIgniter\Debug\Exceptions->render(Object(ErrorException), 500)
#3 [internal function]: CodeIgniter\Debug\Exceptions->exceptionHandler(Object(ErrorException))
#4 {main}
  thrown
#0 [internal function]: CodeIgniter\Debug\Exceptions->shutdownHandler()
#1 {main}
CRITICAL - 2020-11-25 21:26:41 --> Undefined variable: comprovantes
#0 C:\xampp\htdocs\projetoacc\app\Views\comprovantes\index.php(13): CodeIgniter\Debug\Exceptions->errorHandler(8, 'Undefined varia...', 'C:\\xampp\\htdocs...', 13, Array)
#1 C:\xampp\htdocs\projetoacc\system\View\View.php(246): include('C:\\xampp\\htdocs...')
#2 C:\xampp\htdocs\projetoacc\system\Common.php(1119): CodeIgniter\View\View->render('comprovantes/in...', Array, true)
#3 C:\xampp\htdocs\projetoacc\app\Controllers\Comprovantes.php(8): view('comprovantes/in...')
#4 C:\xampp\htdocs\projetoacc\system\CodeIgniter.php(918): App\Controllers\Comprovantes->index()
#5 C:\xampp\htdocs\projetoacc\system\CodeIgniter.php(404): CodeIgniter\CodeIgniter->runController(Object(App\Controllers\Comprovantes))
#6 C:\xampp\htdocs\projetoacc\system\CodeIgniter.php(312): CodeIgniter\CodeIgniter->handleRequest(NULL, Object(Config\Cache), false)
#7 C:\xampp\htdocs\projetoacc\public\index.php(45): CodeIgniter\CodeIgniter->run()
#8 C:\xampp\htdocs\projetoacc\system\Commands\Server\rewrite.php(34): require_once('C:\\xampp\\htdocs...')
#9 {main}
CRITICAL - 2020-11-25 21:26:41 --> Uncaught ErrorException: Undefined variable: viewFile in C:\xampp\htdocs\projetoacc\system\Debug\Exceptions.php:308
Stack trace:
#0 C:\xampp\htdocs\projetoacc\system\Debug\Exceptions.php(308): CodeIgniter\Debug\Exceptions->errorHandler(8, 'Undefined varia...', 'C:\\xampp\\htdocs...', 308, Array)
#1 C:\xampp\htdocs\projetoacc\system\Debug\Exceptions.php(308): include()
#2 C:\xampp\htdocs\projetoacc\system\Debug\Exceptions.php(174): CodeIgniter\Debug\Exceptions->render(Object(ErrorException), 500)
#3 [internal function]: CodeIgniter\Debug\Exceptions->exceptionHandler(Object(ErrorException))
#4 {main}
  thrown
#0 [internal function]: CodeIgniter\Debug\Exceptions->shutdownHandler()
#1 {main}
CRITICAL - 2020-11-25 21:26:42 --> Undefined variable: comprovantes
#0 C:\xampp\htdocs\projetoacc\app\Views\comprovantes\index.php(13): CodeIgniter\Debug\Exceptions->errorHandler(8, 'Undefined varia...', 'C:\\xampp\\htdocs...', 13, Array)
#1 C:\xampp\htdocs\projetoacc\system\View\View.php(246): include('C:\\xampp\\htdocs...')
#2 C:\xampp\htdocs\projetoacc\system\Common.php(1119): CodeIgniter\View\View->render('comprovantes/in...', Array, true)
#3 C:\xampp\htdocs\projetoacc\app\Controllers\Comprovantes.php(8): view('comprovantes/in...')
#4 C:\xampp\htdocs\projetoacc\system\CodeIgniter.php(918): App\Controllers\Comprovantes->index()
#5 C:\xampp\htdocs\projetoacc\system\CodeIgniter.php(404): CodeIgniter\CodeIgniter->runController(Object(App\Controllers\Comprovantes))
#6 C:\xampp\htdocs\projetoacc\system\CodeIgniter.php(312): CodeIgniter\CodeIgniter->handleRequest(NULL, Object(Config\Cache), false)
#7 C:\xampp\htdocs\projetoacc\public\index.php(45): CodeIgniter\CodeIgniter->run()
#8 C:\xampp\htdocs\projetoacc\system\Commands\Server\rewrite.php(34): require_once('C:\\xampp\\htdocs...')
#9 {main}
CRITICAL - 2020-11-25 21:26:42 --> Uncaught ErrorException: Undefined variable: viewFile in C:\xampp\htdocs\projetoacc\system\Debug\Exceptions.php:308
Stack trace:
#0 C:\xampp\htdocs\projetoacc\system\Debug\Exceptions.php(308): CodeIgniter\Debug\Exceptions->errorHandler(8, 'Undefined varia...', 'C:\\xampp\\htdocs...', 308, Array)
#1 C:\xampp\htdocs\projetoacc\system\Debug\Exceptions.php(308): include()
#2 C:\xampp\htdocs\projetoacc\system\Debug\Exceptions.php(174): CodeIgniter\Debug\Exceptions->render(Object(ErrorException), 500)
#3 [internal function]: CodeIgniter\Debug\Exceptions->exceptionHandler(Object(ErrorException))
#4 {main}
  thrown
#0 [internal function]: CodeIgniter\Debug\Exceptions->shutdownHandler()
#1 {main}
CRITICAL - 2020-11-25 21:31:45 --> count(): Parameter must be an array or an object that implements Countable
#0 C:\xampp\htdocs\projetoacc\app\Views\comprovantes\index.php(13): CodeIgniter\Debug\Exceptions->errorHandler(2, 'count(): Parame...', 'C:\\xampp\\htdocs...', 13, Array)
#1 C:\xampp\htdocs\projetoacc\system\View\View.php(246): include('C:\\xampp\\htdocs...')
#2 C:\xampp\htdocs\projetoacc\system\Common.php(1119): CodeIgniter\View\View->render('comprovantes/in...', Array, true)
#3 C:\xampp\htdocs\projetoacc\app\Controllers\Comprovantes.php(18): view('comprovantes/in...', Array)
#4 C:\xampp\htdocs\projetoacc\system\CodeIgniter.php(918): App\Controllers\Comprovantes->index()
#5 C:\xampp\htdocs\projetoacc\system\CodeIgniter.php(404): CodeIgniter\CodeIgniter->runController(Object(App\Controllers\Comprovantes))
#6 C:\xampp\htdocs\projetoacc\system\CodeIgniter.php(312): CodeIgniter\CodeIgniter->handleRequest(NULL, Object(Config\Cache), false)
#7 C:\xampp\htdocs\projetoacc\public\index.php(45): CodeIgniter\CodeIgniter->run()
#8 C:\xampp\htdocs\projetoacc\system\Commands\Server\rewrite.php(34): require_once('C:\\xampp\\htdocs...')
#9 {main}
CRITICAL - 2020-11-25 21:31:45 --> Uncaught ErrorException: Undefined variable: viewFile in C:\xampp\htdocs\projetoacc\system\Debug\Exceptions.php:308
Stack trace:
#0 C:\xampp\htdocs\projetoacc\system\Debug\Exceptions.php(308): CodeIgniter\Debug\Exceptions->errorHandler(8, 'Undefined varia...', 'C:\\xampp\\htdocs...', 308, Array)
#1 C:\xampp\htdocs\projetoacc\system\Debug\Exceptions.php(308): include()
#2 C:\xampp\htdocs\projetoacc\system\Debug\Exceptions.php(174): CodeIgniter\Debug\Exceptions->render(Object(ErrorException), 500)
#3 [internal function]: CodeIgniter\Debug\Exceptions->exceptionHandler(Object(ErrorException))
#4 {main}
  thrown
#0 [internal function]: CodeIgniter\Debug\Exceptions->shutdownHandler()
#1 {main}
CRITICAL - 2020-11-25 21:31:46 --> count(): Parameter must be an array or an object that implements Countable
#0 C:\xampp\htdocs\projetoacc\app\Views\comprovantes\index.php(13): CodeIgniter\Debug\Exceptions->errorHandler(2, 'count(): Parame...', 'C:\\xampp\\htdocs...', 13, Array)
#1 C:\xampp\htdocs\projetoacc\system\View\View.php(246): include('C:\\xampp\\htdocs...')
#2 C:\xampp\htdocs\projetoacc\system\Common.php(1119): CodeIgniter\View\View->render('comprovantes/in...', Array, true)
#3 C:\xampp\htdocs\projetoacc\app\Controllers\Comprovantes.php(18): view('comprovantes/in...', Array)
#4 C:\xampp\htdocs\projetoacc\system\CodeIgniter.php(918): App\Controllers\Comprovantes->index()
#5 C:\xampp\htdocs\projetoacc\system\CodeIgniter.php(404): CodeIgniter\CodeIgniter->runController(Object(App\Controllers\Comprovantes))
#6 C:\xampp\htdocs\projetoacc\system\CodeIgniter.php(312): CodeIgniter\CodeIgniter->handleRequest(NULL, Object(Config\Cache), false)
#7 C:\xampp\htdocs\projetoacc\public\index.php(45): CodeIgniter\CodeIgniter->run()
#8 C:\xampp\htdocs\projetoacc\system\Commands\Server\rewrite.php(34): require_once('C:\\xampp\\htdocs...')
#9 {main}
CRITICAL - 2020-11-25 21:31:46 --> Uncaught ErrorException: Undefined variable: viewFile in C:\xampp\htdocs\projetoacc\system\Debug\Exceptions.php:308
Stack trace:
#0 C:\xampp\htdocs\projetoacc\system\Debug\Exceptions.php(308): CodeIgniter\Debug\Exceptions->errorHandler(8, 'Undefined varia...', 'C:\\xampp\\htdocs...', 308, Array)
#1 C:\xampp\htdocs\projetoacc\system\Debug\Exceptions.php(308): include()
#2 C:\xampp\htdocs\projetoacc\system\Debug\Exceptions.php(174): CodeIgniter\Debug\Exceptions->render(Object(ErrorException), 500)
#3 [internal function]: CodeIgniter\Debug\Exceptions->exceptionHandler(Object(ErrorException))
#4 {main}
  thrown
#0 [internal function]: CodeIgniter\Debug\Exceptions->shutdownHandler()
#1 {main}
CRITICAL - 2020-11-25 21:31:46 --> count(): Parameter must be an array or an object that implements Countable
#0 C:\xampp\htdocs\projetoacc\app\Views\comprovantes\index.php(13): CodeIgniter\Debug\Exceptions->errorHandler(2, 'count(): Parame...', 'C:\\xampp\\htdocs...', 13, Array)
#1 C:\xampp\htdocs\projetoacc\system\View\View.php(246): include('C:\\xampp\\htdocs...')
#2 C:\xampp\htdocs\projetoacc\system\Common.php(1119): CodeIgniter\View\View->render('comprovantes/in...', Array, true)
#3 C:\xampp\htdocs\projetoacc\app\Controllers\Comprovantes.php(18): view('comprovantes/in...', Array)
#4 C:\xampp\htdocs\projetoacc\system\CodeIgniter.php(918): App\Controllers\Comprovantes->index()
#5 C:\xampp\htdocs\projetoacc\system\CodeIgniter.php(404): CodeIgniter\CodeIgniter->runController(Object(App\Controllers\Comprovantes))
#6 C:\xampp\htdocs\projetoacc\system\CodeIgniter.php(312): CodeIgniter\CodeIgniter->handleRequest(NULL, Object(Config\Cache), false)
#7 C:\xampp\htdocs\projetoacc\public\index.php(45): CodeIgniter\CodeIgniter->run()
#8 C:\xampp\htdocs\projetoacc\system\Commands\Server\rewrite.php(34): require_once('C:\\xampp\\htdocs...')
#9 {main}
CRITICAL - 2020-11-25 21:31:46 --> Uncaught ErrorException: Undefined variable: viewFile in C:\xampp\htdocs\projetoacc\system\Debug\Exceptions.php:308
Stack trace:
#0 C:\xampp\htdocs\projetoacc\system\Debug\Exceptions.php(308): CodeIgniter\Debug\Exceptions->errorHandler(8, 'Undefined varia...', 'C:\\xampp\\htdocs...', 308, Array)
#1 C:\xampp\htdocs\projetoacc\system\Debug\Exceptions.php(308): include()
#2 C:\xampp\htdocs\projetoacc\system\Debug\Exceptions.php(174): CodeIgniter\Debug\Exceptions->render(Object(ErrorException), 500)
#3 [internal function]: CodeIgniter\Debug\Exceptions->exceptionHandler(Object(ErrorException))
#4 {main}
  thrown
#0 [internal function]: CodeIgniter\Debug\Exceptions->shutdownHandler()
#1 {main}
CRITICAL - 2020-11-25 21:31:47 --> count(): Parameter must be an array or an object that implements Countable
#0 C:\xampp\htdocs\projetoacc\app\Views\comprovantes\index.php(13): CodeIgniter\Debug\Exceptions->errorHandler(2, 'count(): Parame...', 'C:\\xampp\\htdocs...', 13, Array)
#1 C:\xampp\htdocs\projetoacc\system\View\View.php(246): include('C:\\xampp\\htdocs...')
#2 C:\xampp\htdocs\projetoacc\system\Common.php(1119): CodeIgniter\View\View->render('comprovantes/in...', Array, true)
#3 C:\xampp\htdocs\projetoacc\app\Controllers\Comprovantes.php(18): view('comprovantes/in...', Array)
#4 C:\xampp\htdocs\projetoacc\system\CodeIgniter.php(918): App\Controllers\Comprovantes->index()
#5 C:\xampp\htdocs\projetoacc\system\CodeIgniter.php(404): CodeIgniter\CodeIgniter->runController(Object(App\Controllers\Comprovantes))
#6 C:\xampp\htdocs\projetoacc\system\CodeIgniter.php(312): CodeIgniter\CodeIgniter->handleRequest(NULL, Object(Config\Cache), false)
#7 C:\xampp\htdocs\projetoacc\public\index.php(45): CodeIgniter\CodeIgniter->run()
#8 C:\xampp\htdocs\projetoacc\system\Commands\Server\rewrite.php(34): require_once('C:\\xampp\\htdocs...')
#9 {main}
CRITICAL - 2020-11-25 21:31:47 --> Uncaught ErrorException: Undefined variable: viewFile in C:\xampp\htdocs\projetoacc\system\Debug\Exceptions.php:308
Stack trace:
#0 C:\xampp\htdocs\projetoacc\system\Debug\Exceptions.php(308): CodeIgniter\Debug\Exceptions->errorHandler(8, 'Undefined varia...', 'C:\\xampp\\htdocs...', 308, Array)
#1 C:\xampp\htdocs\projetoacc\system\Debug\Exceptions.php(308): include()
#2 C:\xampp\htdocs\projetoacc\system\Debug\Exceptions.php(174): CodeIgniter\Debug\Exceptions->render(Object(ErrorException), 500)
#3 [internal function]: CodeIgniter\Debug\Exceptions->exceptionHandler(Object(ErrorException))
#4 {main}
  thrown
#0 [internal function]: CodeIgniter\Debug\Exceptions->shutdownHandler()
#1 {main}
CRITICAL - 2020-11-25 21:31:50 --> count(): Parameter must be an array or an object that implements Countable
#0 C:\xampp\htdocs\projetoacc\app\Views\comprovantes\index.php(13): CodeIgniter\Debug\Exceptions->errorHandler(2, 'count(): Parame...', 'C:\\xampp\\htdocs...', 13, Array)
#1 C:\xampp\htdocs\projetoacc\system\View\View.php(246): include('C:\\xampp\\htdocs...')
#2 C:\xampp\htdocs\projetoacc\system\Common.php(1119): CodeIgniter\View\View->render('comprovantes/in...', Array, true)
#3 C:\xampp\htdocs\projetoacc\app\Controllers\Comprovantes.php(18): view('comprovantes/in...', Array)
#4 C:\xampp\htdocs\projetoacc\system\CodeIgniter.php(918): App\Controllers\Comprovantes->index()
#5 C:\xampp\htdocs\projetoacc\system\CodeIgniter.php(404): CodeIgniter\CodeIgniter->runController(Object(App\Controllers\Comprovantes))
#6 C:\xampp\htdocs\projetoacc\system\CodeIgniter.php(312): CodeIgniter\CodeIgniter->handleRequest(NULL, Object(Config\Cache), false)
#7 C:\xampp\htdocs\projetoacc\public\index.php(45): CodeIgniter\CodeIgniter->run()
#8 C:\xampp\htdocs\projetoacc\system\Commands\Server\rewrite.php(34): require_once('C:\\xampp\\htdocs...')
#9 {main}
CRITICAL - 2020-11-25 21:31:50 --> Uncaught ErrorException: Undefined variable: viewFile in C:\xampp\htdocs\projetoacc\system\Debug\Exceptions.php:308
Stack trace:
#0 C:\xampp\htdocs\projetoacc\system\Debug\Exceptions.php(308): CodeIgniter\Debug\Exceptions->errorHandler(8, 'Undefined varia...', 'C:\\xampp\\htdocs...', 308, Array)
#1 C:\xampp\htdocs\projetoacc\system\Debug\Exceptions.php(308): include()
#2 C:\xampp\htdocs\projetoacc\system\Debug\Exceptions.php(174): CodeIgniter\Debug\Exceptions->render(Object(ErrorException), 500)
#3 [internal function]: CodeIgniter\Debug\Exceptions->exceptionHandler(Object(ErrorException))
#4 {main}
  thrown
#0 [internal function]: CodeIgniter\Debug\Exceptions->shutdownHandler()
#1 {main}
CRITICAL - 2020-11-25 21:58:30 --> Trying to access array offset on value of type null
#0 C:\xampp\htdocs\projetoacc\app\Views\comprovantes\index.php(49): CodeIgniter\Debug\Exceptions->errorHandler(8, 'Trying to acces...', 'C:\\xampp\\htdocs...', 49, Array)
#1 C:\xampp\htdocs\projetoacc\system\View\View.php(246): include('C:\\xampp\\htdocs...')
#2 C:\xampp\htdocs\projetoacc\system\Common.php(1119): CodeIgniter\View\View->render('comprovantes/in...', Array, true)
#3 C:\xampp\htdocs\projetoacc\app\Controllers\Comprovantes.php(27): view('comprovantes/in...', Array)
#4 C:\xampp\htdocs\projetoacc\system\CodeIgniter.php(918): App\Controllers\Comprovantes->index()
#5 C:\xampp\htdocs\projetoacc\system\CodeIgniter.php(404): CodeIgniter\CodeIgniter->runController(Object(App\Controllers\Comprovantes))
#6 C:\xampp\htdocs\projetoacc\system\CodeIgniter.php(312): CodeIgniter\CodeIgniter->handleRequest(NULL, Object(Config\Cache), false)
#7 C:\xampp\htdocs\projetoacc\public\index.php(45): CodeIgniter\CodeIgniter->run()
#8 C:\xampp\htdocs\projetoacc\system\Commands\Server\rewrite.php(34): require_once('C:\\xampp\\htdocs...')
#9 {main}
CRITICAL - 2020-11-25 21:58:30 --> Uncaught ErrorException: Undefined variable: viewFile in C:\xampp\htdocs\projetoacc\system\Debug\Exceptions.php:308
Stack trace:
#0 C:\xampp\htdocs\projetoacc\system\Debug\Exceptions.php(308): CodeIgniter\Debug\Exceptions->errorHandler(8, 'Undefined varia...', 'C:\\xampp\\htdocs...', 308, Array)
#1 C:\xampp\htdocs\projetoacc\system\Debug\Exceptions.php(308): include()
#2 C:\xampp\htdocs\projetoacc\system\Debug\Exceptions.php(174): CodeIgniter\Debug\Exceptions->render(Object(ErrorException), 500)
#3 [internal function]: CodeIgniter\Debug\Exceptions->exceptionHandler(Object(ErrorException))
#4 {main}
  thrown
#0 [internal function]: CodeIgniter\Debug\Exceptions->shutdownHandler()
#1 {main}
CRITICAL - 2020-11-25 21:59:26 --> Trying to access array offset on value of type null
#0 C:\xampp\htdocs\projetoacc\app\Views\comprovantes\index.php(49): CodeIgniter\Debug\Exceptions->errorHandler(8, 'Trying to acces...', 'C:\\xampp\\htdocs...', 49, Array)
#1 C:\xampp\htdocs\projetoacc\system\View\View.php(246): include('C:\\xampp\\htdocs...')
#2 C:\xampp\htdocs\projetoacc\system\Common.php(1119): CodeIgniter\View\View->render('comprovantes/in...', Array, true)
#3 C:\xampp\htdocs\projetoacc\app\Controllers\Comprovantes.php(27): view('comprovantes/in...', Array)
#4 C:\xampp\htdocs\projetoacc\system\CodeIgniter.php(918): App\Controllers\Comprovantes->index()
#5 C:\xampp\htdocs\projetoacc\system\CodeIgniter.php(404): CodeIgniter\CodeIgniter->runController(Object(App\Controllers\Comprovantes))
#6 C:\xampp\htdocs\projetoacc\system\CodeIgniter.php(312): CodeIgniter\CodeIgniter->handleRequest(NULL, Object(Config\Cache), false)
#7 C:\xampp\htdocs\projetoacc\public\index.php(45): CodeIgniter\CodeIgniter->run()
#8 C:\xampp\htdocs\projetoacc\system\Commands\Server\rewrite.php(34): require_once('C:\\xampp\\htdocs...')
#9 {main}
CRITICAL - 2020-11-25 21:59:26 --> Uncaught ErrorException: Undefined variable: viewFile in C:\xampp\htdocs\projetoacc\system\Debug\Exceptions.php:308
Stack trace:
#0 C:\xampp\htdocs\projetoacc\system\Debug\Exceptions.php(308): CodeIgniter\Debug\Exceptions->errorHandler(8, 'Undefined varia...', 'C:\\xampp\\htdocs...', 308, Array)
#1 C:\xampp\htdocs\projetoacc\system\Debug\Exceptions.php(308): include()
#2 C:\xampp\htdocs\projetoacc\system\Debug\Exceptions.php(174): CodeIgniter\Debug\Exceptions->render(Object(ErrorException), 500)
#3 [internal function]: CodeIgniter\Debug\Exceptions->exceptionHandler(Object(ErrorException))
#4 {main}
  thrown
#0 [internal function]: CodeIgniter\Debug\Exceptions->shutdownHandler()
#1 {main}
